{
  "stats": {
    "suites": 1,
    "tests": 1,
    "passes": 1,
    "pending": 0,
    "failures": 0,
    "start": "2025-01-25T13:43:54.571Z",
    "end": "2025-01-25T13:43:55.515Z",
    "duration": 944,
    "testsRegistered": 1,
    "passPercent": 100,
    "pendingPercent": 0,
    "other": 0,
    "hasOther": false,
    "skipped": 0,
    "hasSkipped": false
  },
  "results": [
    {
      "uuid": "1a584e55-4c60-43ab-a9f1-cb39141bf13e",
      "title": "",
      "fullFile": "cypress\\e2e\\subFolder2\\spec.cy.js",
      "file": "cypress\\e2e\\subFolder2\\spec.cy.js",
      "beforeHooks": [],
      "afterHooks": [],
      "tests": [],
      "suites": [
        {
          "uuid": "661b919a-0017-4f99-b2c1-6b57421b5411",
          "title": "template spec 2",
          "fullFile": "",
          "file": "",
          "beforeHooks": [],
          "afterHooks": [],
          "tests": [
            {
              "title": "passes",
              "fullTitle": "template spec 2 passes",
              "timedOut": null,
              "duration": 172,
              "state": "passed",
              "speed": "fast",
              "pass": true,
              "fail": false,
              "pending": false,
              "context": null,
              "code": "cy.visit(\"https://example.cypress.io\");",
              "err": {},
              "uuid": "2a54ea44-8d5b-4a2c-8811-dae063ce560b",
              "parentUUID": "661b919a-0017-4f99-b2c1-6b57421b5411",
              "isHook": false,
              "skipped": false
            }
          ],
          "suites": [],
          "passes": [
            "2a54ea44-8d5b-4a2c-8811-dae063ce560b"
          ],
          "failures": [],
          "pending": [],
          "skipped": [],
          "duration": 172,
          "root": false,
          "rootEmpty": false,
          "_timeout": 2000
        }
      ],
      "passes": [],
      "failures": [],
      "pending": [],
      "skipped": [],
      "duration": 0,
      "root": true,
      "rootEmpty": true,
      "_timeout": 2000
    }
  ],
  "meta": {
    "mocha": {
      "version": "7.0.1"
    },
    "mochawesome": {
      "options": {
        "quiet": false,
        "reportFilename": "mochawesome",
        "saveHtml": false,
        "saveJson": true,
        "consoleReporter": "spec",
        "useInlineDiffs": false,
        "code": true
      },
      "version": "7.1.3"
    },
    "marge": {
      "options": {
        "reportDir": "cypress/results",
        "overwrite": false,
        "html": false,
        "json": true
      },
      "version": "6.2.0"
    }
  }
}